2025-07-19 12:12:27,280 [INFO] select pg_catalog.version()
2025-07-19 12:12:27,280 [INFO] [raw sql] ()
2025-07-19 12:12:27,296 [INFO] select current_schema()
2025-07-19 12:12:27,296 [INFO] [raw sql] ()
2025-07-19 12:12:27,312 [INFO] show standard_conforming_strings
2025-07-19 12:12:27,312 [INFO] [raw sql] ()
2025-07-19 12:12:27,312 [INFO] BEGIN (implicit)
2025-07-19 12:12:27,328 [INFO] SELECT users.id, users.username, users.email, users.hashed_password, users.is_active, users.role, users.created_at 
FROM users 
WHERE users.email = $1::VARCHAR
2025-07-19 12:12:27,336 [INFO] [generated in 0.00109s] ('shan@gmail.com',)
2025-07-19 12:12:28,123 [INFO] ROLLBACK
2025-07-19 12:12:35,753 [INFO] BEGIN (implicit)
2025-07-19 12:12:35,755 [INFO] SELECT users.id, users.username, users.email, users.hashed_password, users.is_active, users.role, users.created_at 
FROM users 
WHERE users.email = $1::VARCHAR
2025-07-19 12:12:35,758 [INFO] [cached since 8.424s ago] ('shamil@gmail.com',)
2025-07-19 12:12:36,251 [INFO] ROLLBACK
2025-07-19 12:18:24,339 [INFO] BEGIN (implicit)
2025-07-19 12:18:24,339 [INFO] SELECT users.id, users.username, users.email, users.hashed_password, users.is_active, users.role, users.created_at 
FROM users 
WHERE false
2025-07-19 12:18:24,348 [INFO] [generated in 0.00165s] ()
2025-07-19 12:18:24,349 [INFO] ROLLBACK
2025-07-19 12:18:27,143 [INFO] BEGIN (implicit)
2025-07-19 12:18:27,144 [INFO] SELECT users.id, users.username, users.email, users.hashed_password, users.is_active, users.role, users.created_at 
FROM users 
WHERE false
2025-07-19 12:18:27,145 [INFO] [cached since 2.798s ago] ()
2025-07-19 12:18:27,147 [INFO] ROLLBACK
2025-07-19 12:18:29,918 [INFO] BEGIN (implicit)
2025-07-19 12:18:29,926 [INFO] SELECT users.id, users.username, users.email, users.hashed_password, users.is_active, users.role, users.created_at 
FROM users 
WHERE false
2025-07-19 12:18:29,926 [INFO] [cached since 5.581s ago] ()
2025-07-19 12:18:29,926 [INFO] ROLLBACK
2025-07-19 12:20:13,440 [INFO] BEGIN (implicit)
2025-07-19 12:20:13,440 [INFO] SELECT users.id, users.username, users.email, users.hashed_password, users.is_active, users.role, users.created_at 
FROM users
2025-07-19 12:20:13,440 [INFO] [generated in 0.00159s] ()
2025-07-19 12:20:13,464 [INFO] ROLLBACK
2025-07-19 12:20:20,816 [INFO] BEGIN (implicit)
2025-07-19 12:20:20,818 [INFO] SELECT users.id, users.username, users.email, users.hashed_password, users.is_active, users.role, users.created_at 
FROM users 
WHERE false
2025-07-19 12:20:20,820 [INFO] [cached since 116.5s ago] ()
2025-07-19 12:20:20,823 [INFO] ROLLBACK
2025-07-19 12:21:53,128 [INFO] select pg_catalog.version()
2025-07-19 12:21:53,129 [INFO] [raw sql] ()
2025-07-19 12:21:53,134 [INFO] select current_schema()
2025-07-19 12:21:53,135 [INFO] [raw sql] ()
2025-07-19 12:21:53,138 [INFO] show standard_conforming_strings
2025-07-19 12:21:53,139 [INFO] [raw sql] ()
2025-07-19 12:21:53,141 [INFO] BEGIN (implicit)
2025-07-19 12:21:53,157 [INFO] SELECT users.id, users.username, users.email, users.hashed_password, users.is_active, users.role, users.created_at 
FROM users 
WHERE users.id = $1::INTEGER
2025-07-19 12:21:53,259 [INFO] [generated in 0.10176s] (1,)
2025-07-19 12:21:53,367 [INFO] ROLLBACK
2025-07-19 12:24:25,792 [INFO] select pg_catalog.version()
2025-07-19 12:24:25,793 [INFO] [raw sql] ()
2025-07-19 12:24:25,797 [INFO] select current_schema()
2025-07-19 12:24:25,800 [INFO] [raw sql] ()
2025-07-19 12:24:25,803 [INFO] show standard_conforming_strings
2025-07-19 12:24:25,804 [INFO] [raw sql] ()
2025-07-19 12:24:25,807 [INFO] BEGIN (implicit)
2025-07-19 12:24:25,816 [INFO] SELECT users.id, users.username, users.email, users.hashed_password, users.is_active, users.role, users.created_at 
FROM users 
WHERE users.id = $1::INTEGER
2025-07-19 12:24:25,922 [INFO] [generated in 0.10554s] (1,)
2025-07-19 12:24:26,011 [INFO] ROLLBACK
2025-07-19 12:24:38,341 [INFO] BEGIN (implicit)
2025-07-19 12:24:38,343 [INFO] SELECT users.id, users.username, users.email, users.hashed_password, users.is_active, users.role, users.created_at 
FROM users 
WHERE users.id = $1::INTEGER
2025-07-19 12:24:38,352 [INFO] [cached since 12.54s ago] (2,)
2025-07-19 12:24:38,359 [INFO] ROLLBACK
2025-07-19 12:26:18,731 [INFO] BEGIN (implicit)
2025-07-19 12:26:18,740 [INFO] SELECT users.id, users.username, users.email, users.hashed_password, users.is_active, users.role, users.created_at 
FROM users 
WHERE users.email = $1::VARCHAR
2025-07-19 12:26:18,740 [INFO] [generated in 0.00137s] ('shan@gmail.com',)
2025-07-19 12:26:19,258 [INFO] ROLLBACK
2025-07-19 12:38:09,723 [INFO] BEGIN (implicit)
2025-07-19 12:38:09,733 [INFO] SELECT users.id, users.username, users.email, users.hashed_password, users.is_active, users.role, users.created_at 
FROM users 
WHERE users.email = $1::VARCHAR
2025-07-19 12:38:09,765 [INFO] [cached since 711s ago] ('shaheer@gmail.com',)
2025-07-19 12:38:10,217 [INFO] INSERT INTO users (username, email, hashed_password, is_active, role) VALUES ($1::VARCHAR, $2::VARCHAR, $3::VARCHAR, $4::BOOLEAN, $5::VARCHAR) RETURNING users.id, users.created_at
2025-07-19 12:38:10,218 [INFO] [generated in 0.00131s] ('shaheer', 'shaheer@gmail.com', '$2b$12$qliTq9qf/6a4B0M05AzwbeZ99TA7Uky6wQ2moEAKyi5Pmrmn0Mfh2', True, 'user')
2025-07-19 12:38:10,248 [INFO] COMMIT
2025-07-19 12:38:10,254 [INFO] BEGIN (implicit)
2025-07-19 12:38:10,257 [INFO] SELECT users.id, users.username, users.email, users.hashed_password, users.is_active, users.role, users.created_at 
FROM users 
WHERE users.id = $1::INTEGER
2025-07-19 12:38:10,258 [INFO] [generated in 0.00153s] (3,)
2025-07-19 12:38:10,267 [INFO] User created: shaheer@gmail.com
2025-07-19 12:38:10,269 [INFO] ROLLBACK
2025-07-19 12:38:34,902 [INFO] BEGIN (implicit)
2025-07-19 12:38:34,902 [INFO] SELECT users.id, users.username, users.email, users.hashed_password, users.is_active, users.role, users.created_at 
FROM users
2025-07-19 12:38:34,902 [INFO] [generated in 0.00102s] ()
2025-07-19 12:38:34,902 [INFO] ROLLBACK
2025-07-19 12:38:49,802 [INFO] BEGIN (implicit)
2025-07-19 12:38:49,802 [INFO] SELECT users.id, users.username, users.email, users.hashed_password, users.is_active, users.role, users.created_at 
FROM users
2025-07-19 12:38:49,802 [INFO] [cached since 14.9s ago] ()
2025-07-19 12:38:49,811 [INFO] ROLLBACK
2025-07-19 12:40:38,613 [INFO] BEGIN (implicit)
2025-07-19 12:40:38,613 [INFO] SELECT users.id, users.username, users.email, users.hashed_password, users.is_active, users.role, users.created_at 
FROM users 
WHERE users.email = $1::VARCHAR
2025-07-19 12:40:38,613 [INFO] [cached since 859.9s ago] ('shaheer@gmail.com',)
2025-07-19 12:40:39,123 [INFO] ROLLBACK
2025-07-19 12:49:57,185 [INFO] BEGIN (implicit)
2025-07-19 12:49:57,193 [INFO] SELECT users.id, users.username, users.email, users.hashed_password, users.is_active, users.role, users.created_at 
FROM users 
WHERE users.email = $1::VARCHAR
2025-07-19 12:49:57,194 [INFO] [cached since 1418s ago] ('shamil@gmail.com',)
2025-07-19 12:49:57,939 [INFO] ROLLBACK
2025-07-19 17:44:53,547 [INFO] BEGIN (implicit)
2025-07-19 17:44:53,915 [INFO] SELECT users.id, users.username, users.email, users.hashed_password, users.is_active, users.role, users.created_at 
FROM users 
WHERE users.email = $1::VARCHAR
2025-07-19 17:44:53,918 [INFO] [cached since 1.912e+04s ago] ('shamil@gmail.com',)
2025-07-19 17:44:54,286 [INFO] ROLLBACK
2025-07-19 18:00:39,426 [INFO] BEGIN (implicit)
2025-07-19 18:00:39,436 [INFO] SELECT users.id, users.username, users.email, users.hashed_password, users.is_active, users.role, users.created_at 
FROM users 
WHERE users.email = $1::VARCHAR
2025-07-19 18:00:39,438 [INFO] [cached since 2.006e+04s ago] ('shaheer@gmail.com',)
2025-07-19 18:00:39,761 [INFO] ROLLBACK
2025-07-19 18:02:48,747 [INFO] BEGIN (implicit)
2025-07-19 18:02:48,750 [INFO] SELECT users.id, users.username, users.email, users.hashed_password, users.is_active, users.role, users.created_at 
FROM users 
WHERE users.id = $1::INTEGER
2025-07-19 18:02:48,752 [INFO] [cached since 2.03e+04s ago] (2,)
2025-07-19 18:02:48,871 [INFO] ROLLBACK
2025-07-19 18:16:20,517 [INFO] BEGIN (implicit)
2025-07-19 18:16:20,537 [INFO] SELECT users.id, users.username, users.email, users.hashed_password, users.is_active, users.role, users.created_at 
FROM users 
WHERE users.email = $1::VARCHAR
2025-07-19 18:16:20,545 [INFO] [cached since 2.1e+04s ago] ('shamil@gmail.com',)
2025-07-19 18:16:20,976 [INFO] ROLLBACK
2025-07-19 18:37:43,334 [INFO] BEGIN (implicit)
2025-07-19 18:37:43,348 [INFO] SELECT users.id, users.username, users.email, users.hashed_password, users.is_active, users.role, users.created_at 
FROM users 
WHERE users.id = $1::INTEGER
2025-07-19 18:37:43,349 [INFO] [cached since 2.24e+04s ago] (2,)
2025-07-19 18:37:43,370 [INFO] ROLLBACK
2025-07-19 18:38:09,519 [INFO] BEGIN (implicit)
2025-07-19 18:38:09,520 [INFO] SELECT users.id, users.username, users.email, users.hashed_password, users.is_active, users.role, users.created_at 
FROM users 
WHERE users.id = $1::INTEGER
2025-07-19 18:38:09,521 [INFO] [cached since 2.242e+04s ago] (2,)
2025-07-19 18:38:09,523 [INFO] ROLLBACK
2025-07-19 18:38:58,983 [INFO] BEGIN (implicit)
2025-07-19 18:38:58,986 [INFO] SELECT users.id, users.username, users.email, users.hashed_password, users.is_active, users.role, users.created_at 
FROM users 
WHERE users.email = $1::VARCHAR
2025-07-19 18:38:58,987 [INFO] [cached since 2.236e+04s ago] ('shan@gmail.com',)
2025-07-19 18:38:59,330 [INFO] ROLLBACK
2025-07-19 19:10:47,477 [INFO] BEGIN (implicit)
2025-07-19 19:10:47,500 [INFO] SELECT users.id, users.username, users.email, users.hashed_password, users.is_active, users.role, users.created_at 
FROM users 
WHERE users.email = $1::VARCHAR
2025-07-19 19:10:47,503 [INFO] [cached since 2.427e+04s ago] ('shan@gmail.com',)
2025-07-19 19:10:47,884 [INFO] ROLLBACK
2025-07-19 19:31:42,807 [INFO] select pg_catalog.version()
2025-07-19 19:31:42,809 [INFO] [raw sql] ()
2025-07-19 19:31:42,815 [INFO] select current_schema()
2025-07-19 19:31:42,816 [INFO] [raw sql] ()
2025-07-19 19:31:42,819 [INFO] show standard_conforming_strings
2025-07-19 19:31:42,819 [INFO] [raw sql] ()
2025-07-19 19:31:42,821 [INFO] BEGIN (implicit)
2025-07-19 19:31:42,833 [INFO] SELECT users.id, users.username, users.email, users.hashed_password, users.is_active, users.role, users.created_at 
FROM users 
WHERE users.email = $1::VARCHAR
2025-07-19 19:31:42,834 [INFO] [generated in 0.00138s] ('shan@gmail.com',)
2025-07-19 19:31:43,301 [INFO] ROLLBACK
2025-07-19 19:35:45,924 [INFO] BEGIN (implicit)
2025-07-19 19:35:45,925 [INFO] SELECT users.id, users.username, users.email, users.hashed_password, users.is_active, users.role, users.created_at 
FROM users 
WHERE users.email = $1::VARCHAR
2025-07-19 19:35:45,928 [INFO] [cached since 243.1s ago] ('shan@gmail.com',)
2025-07-19 19:35:45,931 [INFO] ROLLBACK
2025-07-19 20:02:34,629 [INFO] BEGIN (implicit)
2025-07-19 20:02:34,631 [INFO] SELECT users.id, users.username, users.email, users.hashed_password, users.is_active, users.role, users.created_at 
FROM users 
WHERE users.email = $1::VARCHAR
2025-07-19 20:02:34,633 [INFO] [cached since 1852s ago] ('shamil@gmail.com',)
2025-07-19 20:02:35,208 [INFO] ROLLBACK
2025-07-19 20:05:41,379 [INFO] BEGIN (implicit)
2025-07-19 20:05:41,382 [INFO] SELECT users.id, users.username, users.email, users.hashed_password, users.is_active, users.role, users.created_at 
FROM users 
WHERE users.email = $1::VARCHAR
2025-07-19 20:05:41,385 [INFO] [cached since 2039s ago] ('shan@gmail.com',)
2025-07-19 20:05:41,860 [INFO] ROLLBACK
2025-07-19 20:15:59,939 [INFO] select pg_catalog.version()
2025-07-19 20:15:59,939 [INFO] [raw sql] ()
2025-07-19 20:15:59,948 [INFO] select current_schema()
2025-07-19 20:15:59,956 [INFO] [raw sql] ()
2025-07-19 20:15:59,957 [INFO] show standard_conforming_strings
2025-07-19 20:15:59,957 [INFO] [raw sql] ()
2025-07-19 20:15:59,965 [INFO] BEGIN (implicit)
2025-07-19 20:15:59,974 [INFO] SELECT users.id, users.username, users.email, users.hashed_password, users.is_active, users.role, users.created_at 
FROM users 
WHERE users.email = $1::VARCHAR
2025-07-19 20:15:59,974 [INFO] [generated in 0.00178s] ('shan@gmail.com',)
2025-07-19 20:16:00,533 [INFO] ROLLBACK
2025-07-19 20:19:37,283 [INFO] select pg_catalog.version()
2025-07-19 20:19:37,283 [INFO] [raw sql] ()
2025-07-19 20:19:37,283 [INFO] select current_schema()
2025-07-19 20:19:37,283 [INFO] [raw sql] ()
2025-07-19 20:19:37,291 [INFO] show standard_conforming_strings
2025-07-19 20:19:37,291 [INFO] [raw sql] ()
2025-07-19 20:19:37,302 [INFO] BEGIN (implicit)
2025-07-19 20:19:37,310 [INFO] SELECT users.id, users.username, users.email, users.hashed_password, users.is_active, users.role, users.created_at 
FROM users 
WHERE users.email = $1::VARCHAR
2025-07-19 20:19:37,316 [INFO] [generated in 0.00504s] ('shan@gmail.com',)
2025-07-19 20:19:37,491 [INFO] ROLLBACK
2025-07-19 20:20:11,330 [INFO] BEGIN (implicit)
2025-07-19 20:20:11,338 [INFO] SELECT users.id, users.username, users.email, users.hashed_password, users.is_active, users.role, users.created_at 
FROM users 
WHERE users.email = $1::VARCHAR
2025-07-19 20:20:11,338 [INFO] [cached since 34.03s ago] ('shaheer@gmail.com',)
2025-07-19 20:20:11,843 [INFO] ROLLBACK
2025-07-19 20:20:24,749 [INFO] BEGIN (implicit)
2025-07-19 20:20:24,750 [INFO] SELECT users.id, users.username, users.email, users.hashed_password, users.is_active, users.role, users.created_at 
FROM users 
WHERE users.email = $1::VARCHAR
2025-07-19 20:20:24,752 [INFO] [cached since 47.44s ago] ('shaheer@gmail.com',)
2025-07-19 20:20:24,757 [INFO] ROLLBACK
2025-07-19 20:20:38,109 [INFO] BEGIN (implicit)
2025-07-19 20:20:38,111 [INFO] SELECT users.id, users.username, users.email, users.hashed_password, users.is_active, users.role, users.created_at 
FROM users
2025-07-19 20:20:38,113 [INFO] [generated in 0.00206s] ()
2025-07-19 20:20:38,117 [INFO] ROLLBACK
2025-07-19 20:21:07,022 [INFO] select pg_catalog.version()
2025-07-19 20:21:07,023 [INFO] [raw sql] ()
2025-07-19 20:21:07,026 [INFO] select current_schema()
2025-07-19 20:21:07,026 [INFO] [raw sql] ()
2025-07-19 20:21:07,028 [INFO] show standard_conforming_strings
2025-07-19 20:21:07,029 [INFO] [raw sql] ()
2025-07-19 20:21:07,031 [INFO] BEGIN (implicit)
2025-07-19 20:21:07,039 [INFO] SELECT users.id, users.username, users.email, users.hashed_password, users.is_active, users.role, users.created_at 
FROM users 
WHERE users.id = $1::INTEGER
2025-07-19 20:21:07,040 [INFO] [generated in 0.00134s] (1,)
2025-07-19 20:21:07,055 [INFO] ROLLBACK
2025-07-19 20:25:54,641 [INFO] select pg_catalog.version()
2025-07-19 20:25:54,659 [INFO] [raw sql] ()
2025-07-19 20:25:54,673 [INFO] select current_schema()
2025-07-19 20:25:54,673 [INFO] [raw sql] ()
2025-07-19 20:25:54,677 [INFO] show standard_conforming_strings
2025-07-19 20:25:54,677 [INFO] [raw sql] ()
2025-07-19 20:25:54,685 [INFO] BEGIN (implicit)
2025-07-19 20:25:54,692 [INFO] SELECT users.id, users.username, users.email, users.hashed_password, users.is_active, users.role, users.created_at 
FROM users 
WHERE users.email = $1::VARCHAR
2025-07-19 20:25:54,700 [INFO] [generated in 0.00287s] ('shaheer@gmail.com',)
2025-07-19 20:25:54,725 [INFO] ROLLBACK
2025-07-19 20:26:01,560 [INFO] BEGIN (implicit)
2025-07-19 20:26:01,561 [INFO] SELECT users.id, users.username, users.email, users.hashed_password, users.is_active, users.role, users.created_at 
FROM users 
WHERE users.email = $1::VARCHAR
2025-07-19 20:26:01,564 [INFO] [cached since 6.865s ago] ('shaheer@gmail.com',)
2025-07-19 20:26:01,566 [INFO] ROLLBACK
2025-07-19 20:29:36,300 [INFO] select pg_catalog.version()
2025-07-19 20:29:36,301 [INFO] [raw sql] ()
2025-07-19 20:29:36,304 [INFO] select current_schema()
2025-07-19 20:29:36,305 [INFO] [raw sql] ()
2025-07-19 20:29:36,307 [INFO] show standard_conforming_strings
2025-07-19 20:29:36,308 [INFO] [raw sql] ()
2025-07-19 20:29:36,312 [INFO] BEGIN (implicit)
2025-07-19 20:29:36,324 [INFO] SELECT users.id, users.username, users.email, users.hashed_password, users.is_active, users.role, users.created_at 
FROM users 
WHERE users.email = $1::VARCHAR
2025-07-19 20:29:36,325 [INFO] [generated in 0.00137s] ('shaheer@gmail.com',)
2025-07-19 20:29:36,337 [INFO] ROLLBACK
2025-07-19 20:29:46,439 [INFO] select pg_catalog.version()
2025-07-19 20:29:46,439 [INFO] [raw sql] ()
2025-07-19 20:29:46,442 [INFO] select current_schema()
2025-07-19 20:29:46,443 [INFO] [raw sql] ()
2025-07-19 20:29:46,447 [INFO] show standard_conforming_strings
2025-07-19 20:29:46,451 [INFO] [raw sql] ()
2025-07-19 20:29:46,454 [INFO] BEGIN (implicit)
2025-07-19 20:29:46,459 [INFO] SELECT users.id, users.username, users.email, users.hashed_password, users.is_active, users.role, users.created_at 
FROM users 
WHERE users.email = $1::VARCHAR
2025-07-19 20:29:46,469 [INFO] [generated in 0.01016s] ('shaheer@gmail.com',)
2025-07-19 20:29:46,486 [INFO] ROLLBACK
2025-07-19 20:29:56,980 [INFO] BEGIN (implicit)
2025-07-19 20:29:56,982 [INFO] SELECT users.id, users.username, users.email, users.hashed_password, users.is_active, users.role, users.created_at 
FROM users 
WHERE users.email = $1::VARCHAR
2025-07-19 20:29:56,984 [INFO] [cached since 10.52s ago] ('shaheer@gmail.com',)
2025-07-19 20:29:56,990 [INFO] ROLLBACK
